1 10 20
100 200 125
201 210 89
900 1000 174
122825 36171 354
829785 547178 509
141495 183374 383
607906 118407 470
784109 632285 504
983700 956192 458
94928 125158 354
353987 776907 509
233194 768401 509
487741 526606 470
962905 755570 525
568200 831434 509
964742 485206 525
470214 863763 525
431715 237574 449
285445 358265 441
284467 928296 525
689688 379415 509
7974 337402 443
742199 595264 509
877247 307032 525
608042 45682 470
365705 568992 470
701297 530897 509
397644 566410 470
46319 630857 509
449916 118216 449
814473 849943 525
986474 14727 525
719192 866557 525
505551 709827 509
672467 373966 509
964702 393856 525
578053 481272 470
885570 268111 525
789760 611296 509
319042 965322 525
272194 645096 509
126895 352650 443
351917 773681 509
690086 175321 509
640545 833595 504
79926 319511 443
655373 857145 525
343765 855766 525
995075 691963 525
297582 745539 509
147183 109279 375
747745 872878 525
974575 747280 525
287421 821881 509
781850 863567 525
331834 104278 443
829397 329123 509
591347 642386 509
649531 995232 525
568919 378287 470
968365 854405 507
716430 468785 509
563663 900099 525
786356 39058 509
684272 584079 509
8393 802871 509
259362 151387 443
890878 788054 525
638698 998558 525
945113 932651 507
739093 253734 509
2812 882496 525
867668 209195 525
805802 516116 509
967546 450568 525
658791 120944 509
480056 475496 382
820948 753637 468
555067 772895 509
497182 495148 320
343649 227074 443
684049 725677 504
874836 763007 525
239872 511822 449
997255 933747 507
219068 415023 449
675334 881361 525
559195 701856 509
904227 343122 525
284355 498375 449
972243 795251 525
882583 760804 525
768495 886464 525
565209 256490 470
366059 635982 509
780601 534732 509
867583 478948 525
532612 170781 470
324592 322852 384
439107 134940 449
753525 190631 509
821976 21874 509
59220 691662 509
150244 407548 443
80123 784545 509
997196 715311 525
445266 525725 470
305288 78456 443
882475 879588 357
596321 741458 509
41478 710502 509
860948 553045 525
526351 315982 470
626246 668238 509
994887 454380 525
101367 933452 525
877610 984436 507
397674 659093 509
414466 777539 509
576917 1828 470
373029 846150 525
932946 952389 507
535540 702210 509
735237 282622 509
454732 162334 449
804594 527311 509
600468 663963 509
699456 409507 509
794826 133105 509
769624 745393 468
941971 927134 507
797062 296804 509
685272 276349 509
145946 508523 449
300478 206362 443
618484 784904 509
73423 744211 509
324607 631162 509
741539 329074 509
569804 574826 377
656916 978419 525
895376 437301 525
241844 971836 525
682228 48108 509
361894 994534 525
533836 624614 452
340793 147442 443
702216 354541 509
656835 87848 509
785072 405867 509
392904 871684 525
698708 146906 509
694060 750391 504
